0 info it worked if it ends with ok
1 verbose cli [ '/usr/bin/node', '/usr/bin/npm', 'install' ]
2 info using npm@1.4.28
3 info using node@v0.10.40
4 verbose node symlink /usr/bin/node
5 warn package.json expressapp@1.0.0 No description
6 warn package.json expressapp@1.0.0 No repository field.
7 warn package.json expressapp@1.0.0 No README data
8 verbose readDependencies using package.json deps
9 verbose install where, deps [ '/home/dlbmc/NodeJs/nodejsarchitecture/expressProject',
9 verbose install   [ 'nodemon', 'tape', 'mongoose' ] ]
10 info preinstall expressapp@1.0.0
11 verbose unsafe-perm in lifecycle true
12 verbose readDependencies using package.json deps
13 verbose cache add [ 'nodemon@^1.7.1', null ]
14 verbose cache add name=undefined spec="nodemon@^1.7.1" args=["nodemon@^1.7.1",null]
15 verbose parsed url { protocol: null,
15 verbose parsed url   slashes: null,
15 verbose parsed url   auth: null,
15 verbose parsed url   host: null,
15 verbose parsed url   port: null,
15 verbose parsed url   hostname: null,
15 verbose parsed url   hash: null,
15 verbose parsed url   search: null,
15 verbose parsed url   query: null,
15 verbose parsed url   pathname: 'nodemon@^1.7.1',
15 verbose parsed url   path: 'nodemon@^1.7.1',
15 verbose parsed url   href: 'nodemon@^1.7.1' }
16 verbose cache add [ 'tape@^4.2.1', null ]
17 verbose cache add name=undefined spec="tape@^4.2.1" args=["tape@^4.2.1",null]
18 verbose parsed url { protocol: null,
18 verbose parsed url   slashes: null,
18 verbose parsed url   auth: null,
18 verbose parsed url   host: null,
18 verbose parsed url   port: null,
18 verbose parsed url   hostname: null,
18 verbose parsed url   hash: null,
18 verbose parsed url   search: null,
18 verbose parsed url   query: null,
18 verbose parsed url   pathname: 'tape@^4.2.1',
18 verbose parsed url   path: 'tape@^4.2.1',
18 verbose parsed url   href: 'tape@^4.2.1' }
19 verbose cache add [ 'mongoose@^4.3.1', null ]
20 verbose cache add name=undefined spec="mongoose@^4.3.1" args=["mongoose@^4.3.1",null]
21 verbose parsed url { protocol: null,
21 verbose parsed url   slashes: null,
21 verbose parsed url   auth: null,
21 verbose parsed url   host: null,
21 verbose parsed url   port: null,
21 verbose parsed url   hostname: null,
21 verbose parsed url   hash: null,
21 verbose parsed url   search: null,
21 verbose parsed url   query: null,
21 verbose parsed url   pathname: 'mongoose@^4.3.1',
21 verbose parsed url   path: 'mongoose@^4.3.1',
21 verbose parsed url   href: 'mongoose@^4.3.1' }
22 verbose cache add name="nodemon" spec="^1.7.1" args=["nodemon","^1.7.1"]
23 verbose parsed url { protocol: null,
23 verbose parsed url   slashes: null,
23 verbose parsed url   auth: null,
23 verbose parsed url   host: null,
23 verbose parsed url   port: null,
23 verbose parsed url   hostname: null,
23 verbose parsed url   hash: null,
23 verbose parsed url   search: null,
23 verbose parsed url   query: null,
23 verbose parsed url   pathname: '^1.7.1',
23 verbose parsed url   path: '^1.7.1',
23 verbose parsed url   href: '^1.7.1' }
24 verbose addNamed [ 'nodemon', '^1.7.1' ]
25 verbose addNamed [ null, '>=1.7.1-0 <2.0.0-0' ]
26 verbose cache add name="tape" spec="^4.2.1" args=["tape","^4.2.1"]
27 verbose parsed url { protocol: null,
27 verbose parsed url   slashes: null,
27 verbose parsed url   auth: null,
27 verbose parsed url   host: null,
27 verbose parsed url   port: null,
27 verbose parsed url   hostname: null,
27 verbose parsed url   hash: null,
27 verbose parsed url   search: null,
27 verbose parsed url   query: null,
27 verbose parsed url   pathname: '^4.2.1',
27 verbose parsed url   path: '^4.2.1',
27 verbose parsed url   href: '^4.2.1' }
28 verbose addNamed [ 'tape', '^4.2.1' ]
29 verbose addNamed [ null, '>=4.2.1-0 <5.0.0-0' ]
30 verbose cache add name="mongoose" spec="^4.3.1" args=["mongoose","^4.3.1"]
31 verbose parsed url { protocol: null,
31 verbose parsed url   slashes: null,
31 verbose parsed url   auth: null,
31 verbose parsed url   host: null,
31 verbose parsed url   port: null,
31 verbose parsed url   hostname: null,
31 verbose parsed url   hash: null,
31 verbose parsed url   search: null,
31 verbose parsed url   query: null,
31 verbose parsed url   pathname: '^4.3.1',
31 verbose parsed url   path: '^4.3.1',
31 verbose parsed url   href: '^4.3.1' }
32 verbose addNamed [ 'mongoose', '^4.3.1' ]
33 verbose addNamed [ null, '>=4.3.1-0 <5.0.0-0' ]
34 silly lockFile d516100b-nodemon-1-7-1 nodemon@^1.7.1
35 verbose lock nodemon@^1.7.1 /home/dlbmc/.npm/d516100b-nodemon-1-7-1.lock
36 silly lockFile 954273e4-tape-4-2-1 tape@^4.2.1
37 verbose lock tape@^4.2.1 /home/dlbmc/.npm/954273e4-tape-4-2-1.lock
38 silly lockFile 25070dbf-mongoose-4-3-1 mongoose@^4.3.1
39 verbose lock mongoose@^4.3.1 /home/dlbmc/.npm/25070dbf-mongoose-4-3-1.lock
40 silly addNameRange { name: 'nodemon', range: '>=1.7.1-0 <2.0.0-0', hasData: false }
41 silly addNameRange { name: 'tape', range: '>=4.2.1-0 <5.0.0-0', hasData: false }
42 silly addNameRange { name: 'mongoose', range: '>=4.3.1-0 <5.0.0-0', hasData: false }
43 verbose request where is /nodemon
44 verbose request registry https://registry.npmjs.org/
45 verbose request id 8a57434198f2bcf4
46 verbose url raw /nodemon
47 verbose url resolving [ 'https://registry.npmjs.org/', './nodemon' ]
48 verbose url resolved https://registry.npmjs.org/nodemon
49 verbose request where is https://registry.npmjs.org/nodemon
50 info trying registry request attempt 1 at 07:38:15
51 verbose etag "E4YEXCHA2ACARO41MDUHSMKL0"
52 http GET https://registry.npmjs.org/nodemon
53 verbose request where is /tape
54 verbose request registry https://registry.npmjs.org/
55 verbose url raw /tape
56 verbose url resolving [ 'https://registry.npmjs.org/', './tape' ]
57 verbose url resolved https://registry.npmjs.org/tape
58 verbose request where is https://registry.npmjs.org/tape
59 info trying registry request attempt 1 at 07:38:15
60 verbose etag "CV8FW7435UBF7ZHFHQ85L0N2B"
61 http GET https://registry.npmjs.org/tape
62 verbose request where is /mongoose
63 verbose request registry https://registry.npmjs.org/
64 verbose url raw /mongoose
65 verbose url resolving [ 'https://registry.npmjs.org/', './mongoose' ]
66 verbose url resolved https://registry.npmjs.org/mongoose
67 verbose request where is https://registry.npmjs.org/mongoose
68 info trying registry request attempt 1 at 07:38:15
69 verbose etag "CLMTSOODUM6RNPT46BX7ZVZWL"
70 http GET https://registry.npmjs.org/mongoose
71 http 200 https://registry.npmjs.org/tape
72 silly registry.get cb [ 200,
72 silly registry.get   { server: 'CouchDB/1.5.0 (Erlang OTP/R16B03)',
72 silly registry.get     etag: '"CO1XJL4ETHYXNTDCOGGHHWE3C"',
72 silly registry.get     'content-type': 'application/json',
72 silly registry.get     'cache-control': 'max-age=60',
72 silly registry.get     'content-length': '121801',
72 silly registry.get     'accept-ranges': 'bytes',
72 silly registry.get     date: 'Tue, 15 Dec 2015 10:39:32 GMT',
72 silly registry.get     via: '1.1 varnish',
72 silly registry.get     age: '36',
72 silly registry.get     connection: 'keep-alive',
72 silly registry.get     'x-served-by': 'cache-atl6229-ATL',
72 silly registry.get     'x-cache': 'HIT',
72 silly registry.get     'x-cache-hits': '2',
72 silly registry.get     'x-timer': 'S1450175972.218989,VS0,VE0',
72 silly registry.get     vary: 'Accept' } ]
73 silly addNameRange number 2 { name: 'tape', range: '>=4.2.1-0 <5.0.0-0', hasData: true }
74 silly addNameRange versions [ 'tape',
74 silly addNameRange   [ '0.0.0',
74 silly addNameRange     '0.0.1',
74 silly addNameRange     '0.0.2',
74 silly addNameRange     '0.0.3',
74 silly addNameRange     '0.0.4',
74 silly addNameRange     '0.0.5',
74 silly addNameRange     '0.1.0',
74 silly addNameRange     '0.1.1',
74 silly addNameRange     '0.1.2',
74 silly addNameRange     '0.1.3',
74 silly addNameRange     '0.1.4',
74 silly addNameRange     '0.1.5',
74 silly addNameRange     '0.2.0',
74 silly addNameRange     '0.2.1',
74 silly addNameRange     '0.2.2',
74 silly addNameRange     '0.3.0',
74 silly addNameRange     '0.3.1',
74 silly addNameRange     '0.3.2',
74 silly addNameRange     '0.3.3',
74 silly addNameRange     '1.0.0',
74 silly addNameRange     '1.0.1',
74 silly addNameRange     '1.0.2',
74 silly addNameRange     '1.0.3',
74 silly addNameRange     '1.0.4',
74 silly addNameRange     '1.1.0',
74 silly addNameRange     '1.1.1',
74 silly addNameRange     '2.0.0',
74 silly addNameRange     '2.0.1',
74 silly addNameRange     '2.1.0',
74 silly addNameRange     '2.2.0',
74 silly addNameRange     '2.2.1',
74 silly addNameRange     '2.3.0',
74 silly addNameRange     '2.3.1',
74 silly addNameRange     '2.3.2',
74 silly addNameRange     '2.4.0',
74 silly addNameRange     '2.4.1',
74 silly addNameRange     '2.4.2',
74 silly addNameRange     '2.5.0',
74 silly addNameRange     '2.6.0',
74 silly addNameRange     '2.7.0',
74 silly addNameRange     '2.7.1',
74 silly addNameRange     '2.7.2',
74 silly addNameRange     '2.8.0',
74 silly addNameRange     '2.9.0',
74 silly addNameRange     '2.10.0',
74 silly addNameRange     '2.10.1',
74 silly addNameRange     '2.10.2',
74 silly addNameRange     '2.11.0',
74 silly addNameRange     '2.12.0',
74 silly addNameRange     '2.12.1',
74 silly addNameRange     '2.0.2',
74 silly addNameRange     '2.1.1',
74 silly addNameRange     '2.2.2',
74 silly addNameRange     '2.3.3',
74 silly addNameRange     '2.4.3',
74 silly addNameRange     '2.5.1',
74 silly addNameRange     '2.6.1',
74 silly addNameRange     '2.7.3',
74 silly addNameRange     '2.8.1',
74 silly addNameRange     '2.9.1',
74 silly addNameRange     '2.10.3',
74 silly addNameRange     '2.11.1',
74 silly addNameRange     '2.12.2',
74 silly addNameRange     '2.12.3',
74 silly addNameRange     '2.13.0',
74 silly addNameRange     '2.13.1',
74 silly addNameRange     '2.13.2',
74 silly addNameRange     '2.13.3',
74 silly addNameRange     '2.13.4',
74 silly addNameRange     '2.14.0',
74 silly addNameRange     '3.0.0',
74 silly addNameRange     '3.0.1',
74 silly addNameRange     '3.0.2',
74 silly addNameRange     '3.0.3',
74 silly addNameRange     '3.1.0',
74 silly addNameRange     '3.2.0',
74 silly addNameRange     '3.3.0',
74 silly addNameRange     '3.4.0',
74 silly addNameRange     '3.5.0',
74 silly addNameRange     '4.0.0',
74 silly addNameRange     '4.0.1',
74 silly addNameRange     '4.0.2',
74 silly addNameRange     '4.0.3',
74 silly addNameRange     '4.1.0',
74 silly addNameRange     '4.2.0',
74 silly addNameRange     '4.2.1',
74 silly addNameRange     '4.2.2' ] ]
75 verbose addNamed [ 'tape', '4.2.2' ]
76 verbose addNamed [ '4.2.2', '4.2.2' ]
77 silly lockFile 54ec118d-tape-4-2-2 tape@4.2.2
78 verbose lock tape@4.2.2 /home/dlbmc/.npm/54ec118d-tape-4-2-2.lock
79 silly lockFile 857cf1a6-ry-npmjs-org-tape-tape-4-2-2-tgz https://registry.npmjs.org/tape/-/tape-4.2.2.tgz
80 verbose lock https://registry.npmjs.org/tape/-/tape-4.2.2.tgz /home/dlbmc/.npm/857cf1a6-ry-npmjs-org-tape-tape-4-2-2-tgz.lock
81 verbose addRemoteTarball [ 'https://registry.npmjs.org/tape/-/tape-4.2.2.tgz',
81 verbose addRemoteTarball   '22289ead4e27a60e4d5d22517f1c78341a190737' ]
82 info retry fetch attempt 1 at 07:38:16
83 verbose fetch to= /tmp/npm-5514-ZyjpZwio/registry.npmjs.org/tape/-/tape-4.2.2.tgz
84 http GET https://registry.npmjs.org/tape/-/tape-4.2.2.tgz
85 http 200 https://registry.npmjs.org/nodemon
86 silly registry.get cb [ 200,
86 silly registry.get   { server: 'CouchDB/1.5.0 (Erlang OTP/R16B03)',
86 silly registry.get     etag: '"1FEU79OLZLDL4YBQ5FJTM6VUV"',
86 silly registry.get     'content-type': 'application/json',
86 silly registry.get     'cache-control': 'max-age=300',
86 silly registry.get     'content-length': '181676',
86 silly registry.get     'accept-ranges': 'bytes',
86 silly registry.get     date: 'Tue, 15 Dec 2015 10:39:32 GMT',
86 silly registry.get     via: '1.1 varnish',
86 silly registry.get     age: '295',
86 silly registry.get     connection: 'keep-alive',
86 silly registry.get     'x-served-by': 'cache-atl6225-ATL',
86 silly registry.get     'x-cache': 'HIT',
86 silly registry.get     'x-cache-hits': '1',
86 silly registry.get     'x-timer': 'S1450175972.233505,VS0,VE0',
86 silly registry.get     vary: 'Accept' } ]
87 silly addNameRange number 2 { name: 'nodemon', range: '>=1.7.1-0 <2.0.0-0', hasData: true }
88 silly addNameRange versions [ 'nodemon',
88 silly addNameRange   [ '0.1.4',
88 silly addNameRange     '0.1.5',
88 silly addNameRange     '0.1.6',
88 silly addNameRange     '0.1.7',
88 silly addNameRange     '0.1.8',
88 silly addNameRange     '0.2.0',
88 silly addNameRange     '0.2.1',
88 silly addNameRange     '0.2.2',
88 silly addNameRange     '0.3.0',
88 silly addNameRange     '0.3.1',
88 silly addNameRange     '0.3.2',
88 silly addNameRange     '0.4.0',
88 silly addNameRange     '0.4.1',
88 silly addNameRange     '0.5.0',
88 silly addNameRange     '0.5.1',
88 silly addNameRange     '0.5.2',
88 silly addNameRange     '0.5.3',
88 silly addNameRange     '0.5.4',
88 silly addNameRange     '0.5.5',
88 silly addNameRange     '0.5.6',
88 silly addNameRange     '0.5.7',
88 silly addNameRange     '0.6.0',
88 silly addNameRange     '0.6.1',
88 silly addNameRange     '0.6.2',
88 silly addNameRange     '0.6.3',
88 silly addNameRange     '0.6.4',
88 silly addNameRange     '0.6.5',
88 silly addNameRange     '0.6.6',
88 silly addNameRange     '0.6.7',
88 silly addNameRange     '0.6.8',
88 silly addNameRange     '0.6.9',
88 silly addNameRange     '0.6.10',
88 silly addNameRange     '0.6.11',
88 silly addNameRange     '0.6.12',
88 silly addNameRange     '0.6.13',
88 silly addNameRange     '0.6.14',
88 silly addNameRange     '0.6.15',
88 silly addNameRange     '0.6.16',
88 silly addNameRange     '0.6.17',
88 silly addNameRange     '0.6.18',
88 silly addNameRange     '0.6.19',
88 silly addNameRange     '0.6.20',
88 silly addNameRange     '0.6.21',
88 silly addNameRange     '0.6.22',
88 silly addNameRange     '0.6.23',
88 silly addNameRange     '0.7.0',
88 silly addNameRange     '0.7.1',
88 silly addNameRange     '0.7.2',
88 silly addNameRange     '0.7.3',
88 silly addNameRange     '0.7.4',
88 silly addNameRange     '0.7.5',
88 silly addNameRange     '0.7.6',
88 silly addNameRange     '0.7.7',
88 silly addNameRange     '0.7.8',
88 silly addNameRange     '0.7.10',
88 silly addNameRange     '0.9.0',
88 silly addNameRange     '0.9.1',
88 silly addNameRange     '0.9.2',
88 silly addNameRange     '0.9.3',
88 silly addNameRange     '0.9.5',
88 silly addNameRange     '0.9.6',
88 silly addNameRange     '0.9.7',
88 silly addNameRange     '0.9.10',
88 silly addNameRange     '0.9.11',
88 silly addNameRange     '0.9.12',
88 silly addNameRange     '0.9.14',
88 silly addNameRange     '0.9.16',
88 silly addNameRange     '0.9.17',
88 silly addNameRange     '1.0.0',
88 silly addNameRange     '1.0.1',
88 silly addNameRange     '1.0.2',
88 silly addNameRange     '1.0.2-rc',
88 silly addNameRange     '0.6.10-a',
88 silly addNameRange     '1.0.2-rc3',
88 silly addNameRange     '1.0.2-rc4',
88 silly addNameRange     '1.0.3',
88 silly addNameRange     '1.0.4',
88 silly addNameRange     '1.0.5',
88 silly addNameRange     '1.0.6',
88 silly addNameRange     '1.0.7',
88 silly addNameRange     '1.0.8',
88 silly addNameRange     '1.0.9',
88 silly addNameRange     '1.0.10',
88 silly addNameRange     '1.0.11',
88 silly addNameRange     '1.0.12',
88 silly addNameRange     '1.0.13',
88 silly addNameRange     '1.0.14',
88 silly addNameRange     '1.0.15',
88 silly addNameRange     '1.0.16',
88 silly addNameRange     '1.0.17-rc1',
88 silly addNameRange     '1.0.17-rc2',
88 silly addNameRange     '1.0.17',
88 silly addNameRange     '1.0.18',
88 silly addNameRange     '1.0.19',
88 silly addNameRange     '1.0.20',
88 silly addNameRange     '1.1.0-alpha',
88 silly addNameRange     '1.1.0',
88 silly addNameRange     '1.1.1',
88 silly addNameRange     '1.2.0',
88 silly addNameRange     '1.2.1',
88 silly addNameRange     '1.3.0-0',
88 silly addNameRange     '1.3.0-1',
88 silly addNameRange     '1.3.0-2',
88 silly addNameRange     '1.3.0-3',
88 silly addNameRange     '1.3.0-4',
88 silly addNameRange     '1.3.0-5',
88 silly addNameRange     '1.3.0-6',
88 silly addNameRange     '1.3.0-7',
88 silly addNameRange     '1.3.0',
88 silly addNameRange     '1.3.1',
88 silly addNameRange     '1.3.2',
88 silly addNameRange     '1.3.3',
88 silly addNameRange     '1.3.5',
88 silly addNameRange     '1.3.6',
88 silly addNameRange     '1.3.7',
88 silly addNameRange     '1.3.8',
88 silly addNameRange     '1.4.0',
88 silly addNameRange     '1.4.1',
88 silly addNameRange     '1.5.0-alpha1',
88 silly addNameRange     '1.5.0-alpha2',
88 silly addNameRange     '1.5.0-alpha3',
88 silly addNameRange     '1.5.0-alpha4',
88 silly addNameRange     '1.4.2',
88 silly addNameRange     '1.5.0',
88 silly addNameRange     '1.5.1',
88 silly addNameRange     '1.6.0',
88 silly addNameRange     '1.6.1',
88 silly addNameRange     '1.7.0',
88 silly addNameRange     '1.7.1',
88 silly addNameRange     '1.7.2',
88 silly addNameRange     '1.7.3',
88 silly addNameRange     '1.8.0',
88 silly addNameRange     '1.8.1' ] ]
89 verbose addNamed [ 'nodemon', '1.8.1' ]
90 verbose addNamed [ '1.8.1', '1.8.1' ]
91 silly lockFile d418affa-nodemon-1-8-1 nodemon@1.8.1
92 verbose lock nodemon@1.8.1 /home/dlbmc/.npm/d418affa-nodemon-1-8-1.lock
93 silly lockFile 1ebeaa14-js-org-nodemon-nodemon-1-8-1-tgz https://registry.npmjs.org/nodemon/-/nodemon-1.8.1.tgz
94 verbose lock https://registry.npmjs.org/nodemon/-/nodemon-1.8.1.tgz /home/dlbmc/.npm/1ebeaa14-js-org-nodemon-nodemon-1-8-1-tgz.lock
95 verbose addRemoteTarball [ 'https://registry.npmjs.org/nodemon/-/nodemon-1.8.1.tgz',
95 verbose addRemoteTarball   '75cfd7ac167e938cdab7313c839bc45a1859bb32' ]
96 info retry fetch attempt 1 at 07:38:16
97 verbose fetch to= /tmp/npm-5514-ZyjpZwio/registry.npmjs.org/nodemon/-/nodemon-1.8.1.tgz
98 http GET https://registry.npmjs.org/nodemon/-/nodemon-1.8.1.tgz
99 http 200 https://registry.npmjs.org/mongoose
100 silly registry.get cb [ 200,
100 silly registry.get   { server: 'CouchDB/1.5.0 (Erlang OTP/R16B03)',
100 silly registry.get     etag: '"92US9BKNXOQ805CNBA5P34RH2"',
100 silly registry.get     'content-type': 'application/json',
100 silly registry.get     'cache-control': 'max-age=300',
100 silly registry.get     'content-length': '402512',
100 silly registry.get     'accept-ranges': 'bytes',
100 silly registry.get     date: 'Tue, 15 Dec 2015 10:39:32 GMT',
100 silly registry.get     via: '1.1 varnish',
100 silly registry.get     age: '140',
100 silly registry.get     connection: 'keep-alive',
100 silly registry.get     'x-served-by': 'cache-atl6228-ATL',
100 silly registry.get     'x-cache': 'HIT',
100 silly registry.get     'x-cache-hits': '1',
100 silly registry.get     'x-timer': 'S1450175972.230461,VS0,VE0',
100 silly registry.get     vary: 'Accept' } ]
101 silly addNameRange number 2 { name: 'mongoose', range: '>=4.3.1-0 <5.0.0-0', hasData: true }
102 silly addNameRange versions [ 'mongoose',
102 silly addNameRange   [ '0.0.1',
102 silly addNameRange     '0.0.2',
102 silly addNameRange     '0.0.3',
102 silly addNameRange     '0.0.4',
102 silly addNameRange     '0.0.5',
102 silly addNameRange     '1.0.0',
102 silly addNameRange     '1.0.1',
102 silly addNameRange     '1.0.2',
102 silly addNameRange     '0.0.6',
102 silly addNameRange     '1.0.3',
102 silly addNameRange     '1.0.4',
102 silly addNameRange     '1.0.5',
102 silly addNameRange     '1.0.6',
102 silly addNameRange     '1.0.7',
102 silly addNameRange     '1.0.8',
102 silly addNameRange     '1.0.10',
102 silly addNameRange     '1.0.11',
102 silly addNameRange     '1.0.12',
102 silly addNameRange     '1.0.13',
102 silly addNameRange     '1.0.14',
102 silly addNameRange     '1.0.15',
102 silly addNameRange     '1.0.16',
102 silly addNameRange     '1.1.0',
102 silly addNameRange     '1.1.1',
102 silly addNameRange     '1.1.2',
102 silly addNameRange     '1.1.3',
102 silly addNameRange     '1.1.4',
102 silly addNameRange     '1.1.5',
102 silly addNameRange     '1.1.6',
102 silly addNameRange     '1.1.7',
102 silly addNameRange     '1.1.8',
102 silly addNameRange     '1.1.9',
102 silly addNameRange     '1.1.10',
102 silly addNameRange     '1.1.11',
102 silly addNameRange     '1.1.12',
102 silly addNameRange     '1.1.13',
102 silly addNameRange     '1.1.14',
102 silly addNameRange     '1.1.15',
102 silly addNameRange     '1.1.16',
102 silly addNameRange     '1.1.17',
102 silly addNameRange     '1.1.18',
102 silly addNameRange     '1.1.19',
102 silly addNameRange     '1.1.20',
102 silly addNameRange     '1.1.21',
102 silly addNameRange     '1.1.22',
102 silly addNameRange     '1.1.23',
102 silly addNameRange     '1.1.24',
102 silly addNameRange     '1.1.25',
102 silly addNameRange     '1.2.0',
102 silly addNameRange     '1.3.0',
102 silly addNameRange     '1.3.1',
102 silly addNameRange     '1.3.2',
102 silly addNameRange     '1.3.3',
102 silly addNameRange     '1.3.4',
102 silly addNameRange     '1.3.5',
102 silly addNameRange     '1.3.6',
102 silly addNameRange     '1.3.7',
102 silly addNameRange     '1.4.0',
102 silly addNameRange     '1.5.0',
102 silly addNameRange     '1.6.0',
102 silly addNameRange     '1.7.2',
102 silly addNameRange     '1.7.3',
102 silly addNameRange     '1.7.4',
102 silly addNameRange     '1.8.0',
102 silly addNameRange     '1.8.1',
102 silly addNameRange     '1.8.2',
102 silly addNameRange     '1.8.3',
102 silly addNameRange     '1.8.4',
102 silly addNameRange     '2.0.0',
102 silly addNameRange     '2.0.1',
102 silly addNameRange     '2.0.2',
102 silly addNameRange     '2.0.3',
102 silly addNameRange     '2.0.4',
102 silly addNameRange     '2.1.0',
102 silly addNameRange     '2.1.1',
102 silly addNameRange     '2.1.2',
102 silly addNameRange     '2.1.3',
102 silly addNameRange     '2.1.4',
102 silly addNameRange     '2.2.0',
102 silly addNameRange     '2.2.1',
102 silly addNameRange     '2.2.2',
102 silly addNameRange     '2.2.3',
102 silly addNameRange     '2.2.4',
102 silly addNameRange     '2.3.0',
102 silly addNameRange     '2.3.1',
102 silly addNameRange     '2.3.2',
102 silly addNameRange     '2.3.3',
102 silly addNameRange     '2.3.4',
102 silly addNameRange     '2.3.5',
102 silly addNameRange     '2.3.6',
102 silly addNameRange     '2.3.7',
102 silly addNameRange     '2.3.8',
102 silly addNameRange     '2.3.9',
102 silly addNameRange     '2.3.10',
102 silly addNameRange     '2.3.11',
102 silly addNameRange     '2.3.12',
102 silly addNameRange     '2.3.13',
102 silly addNameRange     '2.4.0',
102 silly addNameRange     '2.4.1',
102 silly addNameRange     '2.4.2',
102 silly addNameRange     '2.4.3',
102 silly addNameRange     '2.4.4',
102 silly addNameRange     '2.4.5',
102 silly addNameRange     '2.4.6',
102 silly addNameRange     '2.4.7',
102 silly addNameRange     '2.4.8',
102 silly addNameRange     '2.4.9',
102 silly addNameRange     '2.4.10',
102 silly addNameRange     '2.5.0',
102 silly addNameRange     '2.5.1',
102 silly addNameRange     '2.5.2',
102 silly addNameRange     '2.5.3',
102 silly addNameRange     '2.5.4',
102 silly addNameRange     '2.5.5',
102 silly addNameRange     '2.5.6',
102 silly addNameRange     '2.5.7',
102 silly addNameRange     '2.5.8',
102 silly addNameRange     '2.5.9',
102 silly addNameRange     '2.5.10',
102 silly addNameRange     '2.5.11',
102 silly addNameRange     '2.5.12',
102 silly addNameRange     '2.5.13',
102 silly addNameRange     '2.5.14',
102 silly addNameRange     '2.6.0',
102 silly addNameRange     '2.6.1',
102 silly addNameRange     '2.6.2',
102 silly addNameRange     '2.6.3',
102 silly addNameRange     '2.6.4',
102 silly addNameRange     '2.6.5',
102 silly addNameRange     '2.6.6',
102 silly addNameRange     '2.6.7',
102 silly addNameRange     '2.6.8',
102 silly addNameRange     '2.7.0',
102 silly addNameRange     '2.7.1',
102 silly addNameRange     '2.7.2',
102 silly addNameRange     '2.7.4',
102 silly addNameRange     '2.7.3',
102 silly addNameRange     '3.0.0',
102 silly addNameRange     '3.0.1',
102 silly addNameRange     '3.0.2',
102 silly addNameRange     '2.8.0',
102 silly addNameRange     '3.0.3',
102 silly addNameRange     '3.1.0',
102 silly addNameRange     '2.8.1',
102 silly addNameRange     '3.1.1',
102 silly addNameRange     '2.8.2',
102 silly addNameRange     '2.8.3',
102 silly addNameRange     '2.9.0',
102 silly addNameRange     '3.2.0',
102 silly addNameRange     '2.9.1',
102 silly addNameRange     '3.2.1',
102 silly addNameRange     '2.9.2',
102 silly addNameRange     '3.2.2',
102 silly addNameRange     '3.3.0',
102 silly addNameRange     '3.3.1',
102 silly addNameRange     '2.9.3',
102 silly addNameRange     '3.4.0',
102 silly addNameRange     '2.9.4',
102 silly addNameRange     '2.9.5',
102 silly addNameRange     '3.5.0',
102 silly addNameRange     '3.5.1',
102 silly addNameRange     '3.5.2',
102 silly addNameRange     '3.5.3',
102 silly addNameRange     '2.9.6',
102 silly addNameRange     '2.9.7',
102 silly addNameRange     '3.5.4',
102 silly addNameRange     '3.5.5',
102 silly addNameRange     '2.9.8',
102 silly addNameRange     '2.9.9',
102 silly addNameRange     '3.5.6',
102 silly addNameRange     '3.5.7',
102 silly addNameRange     '3.5.8',
102 silly addNameRange     '2.9.10',
102 silly addNameRange     '3.5.9',
102 silly addNameRange     '3.6.2',
102 silly addNameRange     '3.5.10',
102 silly addNameRange     '3.6.3',
102 silly addNameRange     '3.5.11',
102 silly addNameRange     '3.6.4',
102 silly addNameRange     '3.6.5',
102 silly addNameRange     '3.6.6',
102 silly addNameRange     '3.6.7',
102 silly addNameRange     '3.5.12',
102 silly addNameRange     '3.6.8',
102 silly addNameRange     '3.6.9',
102 silly addNameRange     '3.6.10',
102 silly addNameRange     '3.5.13',
102 silly addNameRange     '3.5.14',
102 silly addNameRange     '3.6.11',
102 silly addNameRange     '3.6.12',
102 silly addNameRange     '3.6.13',
102 silly addNameRange     '3.6.14',
102 silly addNameRange     '3.6.15',
102 silly addNameRange     '3.5.15',
102 silly addNameRange     '3.7.0',
102 silly addNameRange     '3.6.16',
102 silly addNameRange     '3.5.16',
102 silly addNameRange     '3.6.17',
102 silly addNameRange     '3.7.2',
102 silly addNameRange     '3.0.0-alpha1',
102 silly addNameRange     '3.0.0-alpha2',
102 silly addNameRange     '3.0.0-rc0',
102 silly addNameRange     '3.6.0-rc0',
102 silly addNameRange     '3.6.0-rc1',
102 silly addNameRange     '3.6.18',
102 silly addNameRange     '3.7.3',
102 silly addNameRange     '3.6.19',
102 silly addNameRange     '3.6.20',
102 silly addNameRange     '3.7.4',
102 silly addNameRange     '3.8.0',
102 silly addNameRange     '3.8.1',
102 silly addNameRange     '3.8.2',
102 silly addNameRange     '3.8.3',
102 silly addNameRange     '3.8.4',
102 silly addNameRange     '3.8.5',
102 silly addNameRange     '3.8.6',
102 silly addNameRange     '3.8.7',
102 silly addNameRange     '3.8.8',
102 silly addNameRange     '3.8.9',
102 silly addNameRange     '3.8.10',
102 silly addNameRange     '3.8.11',
102 silly addNameRange     '3.9.0',
102 silly addNameRange     '3.8.12',
102 silly addNameRange     '3.8.13',
102 silly addNameRange     '3.8.14',
102 silly addNameRange     '3.8.15',
102 silly addNameRange     '3.9.1',
102 silly addNameRange     '3.8.16',
102 silly addNameRange     '3.9.2',
102 silly addNameRange     '3.8.17',
102 silly addNameRange     '3.9.3',
102 silly addNameRange     '3.8.18',
102 silly addNameRange     '3.9.4',
102 silly addNameRange     '3.8.19',
102 silly addNameRange     '3.9.5',
102 silly addNameRange     '3.8.20',
102 silly addNameRange     '3.9.6',
102 silly addNameRange     '3.8.21',
102 silly addNameRange     '3.9.7',
102 silly addNameRange     '3.8.22',
102 silly addNameRange     '4.0.0-rc0',
102 silly addNameRange     '4.0.0-rc1',
102 silly addNameRange     '3.8.23',
102 silly addNameRange     '4.0.0-rc2',
102 silly addNameRange     '3.8.24',
102 silly addNameRange     '4.0.0-rc3',
102 silly addNameRange     '3.8.25',
102 silly addNameRange     '4.0.0-rc4',
102 silly addNameRange     '4.0.0',
102 silly addNameRange     '4.0.1',
102 silly addNameRange     '3.8.26',
102 silly addNameRange     '3.8.27',
102 silly addNameRange     '4.0.2',
102 silly addNameRange     '3.8.28',
102 silly addNameRange     '4.0.3',
102 silly addNameRange     '3.8.29',
102 silly addNameRange     '4.0.4',
102 silly addNameRange     '3.8.30',
102 silly addNameRange     '4.0.5',
102 silly addNameRange     '3.8.31',
102 silly addNameRange     '4.0.6',
102 silly addNameRange     '3.8.33',
102 silly addNameRange     '4.0.7',
102 silly addNameRange     '3.8.34',
102 silly addNameRange     '4.0.8',
102 silly addNameRange     '4.1.0',
102 silly addNameRange     '4.1.1',
102 silly addNameRange     '4.1.2',
102 silly addNameRange     '3.8.35',
102 silly addNameRange     '4.1.3',
102 silly addNameRange     '4.1.5',
102 silly addNameRange     '4.1.6',
102 silly addNameRange     '4.1.7',
102 silly addNameRange     '4.1.8',
102 silly addNameRange     '4.1.9',
102 silly addNameRange     '4.1.10',
102 silly addNameRange     '4.1.11',
102 silly addNameRange     '3.8.36',
102 silly addNameRange     '4.1.12',
102 silly addNameRange     '4.2.0',
102 silly addNameRange     '4.2.1',
102 silly addNameRange     '4.2.2',
102 silly addNameRange     '4.2.3',
102 silly addNameRange     '4.2.4',
102 silly addNameRange     '4.2.5',
102 silly addNameRange     '3.8.37',
102 silly addNameRange     '4.2.6',
102 silly addNameRange     '4.2.7',
102 silly addNameRange     '4.2.8',
102 silly addNameRange     '4.2.9',
102 silly addNameRange     '4.2.10',
102 silly addNameRange     '4.3.0',
102 silly addNameRange     '4.3.1' ] ]
103 verbose addNamed [ 'mongoose', '4.3.1' ]
104 verbose addNamed [ '4.3.1', '4.3.1' ]
105 silly lockFile 71604e0d-mongoose-4-3-1 mongoose@4.3.1
106 verbose lock mongoose@4.3.1 /home/dlbmc/.npm/71604e0d-mongoose-4-3-1.lock
107 silly lockFile b23a2e0a--org-mongoose-mongoose-4-3-1-tgz https://registry.npmjs.org/mongoose/-/mongoose-4.3.1.tgz
108 verbose lock https://registry.npmjs.org/mongoose/-/mongoose-4.3.1.tgz /home/dlbmc/.npm/b23a2e0a--org-mongoose-mongoose-4-3-1-tgz.lock
109 verbose addRemoteTarball [ 'https://registry.npmjs.org/mongoose/-/mongoose-4.3.1.tgz',
109 verbose addRemoteTarball   'cd818f8db4ef3b02d86d83713bdd7f779e5cbe14' ]
110 info retry fetch attempt 1 at 07:38:16
111 verbose fetch to= /tmp/npm-5514-ZyjpZwio/registry.npmjs.org/mongoose/-/mongoose-4.3.1.tgz
112 http GET https://registry.npmjs.org/mongoose/-/mongoose-4.3.1.tgz
113 http 200 https://registry.npmjs.org/nodemon/-/nodemon-1.8.1.tgz
114 http 200 https://registry.npmjs.org/tape/-/tape-4.2.2.tgz
115 silly lockFile 857cf1a6-ry-npmjs-org-tape-tape-4-2-2-tgz https://registry.npmjs.org/tape/-/tape-4.2.2.tgz
116 silly lockFile 857cf1a6-ry-npmjs-org-tape-tape-4-2-2-tgz https://registry.npmjs.org/tape/-/tape-4.2.2.tgz
117 silly lockFile 54ec118d-tape-4-2-2 tape@4.2.2
118 silly lockFile 54ec118d-tape-4-2-2 tape@4.2.2
119 silly lockFile 954273e4-tape-4-2-1 tape@^4.2.1
120 silly lockFile 954273e4-tape-4-2-1 tape@^4.2.1
121 silly lockFile 1ebeaa14-js-org-nodemon-nodemon-1-8-1-tgz https://registry.npmjs.org/nodemon/-/nodemon-1.8.1.tgz
122 silly lockFile 1ebeaa14-js-org-nodemon-nodemon-1-8-1-tgz https://registry.npmjs.org/nodemon/-/nodemon-1.8.1.tgz
123 silly lockFile d418affa-nodemon-1-8-1 nodemon@1.8.1
124 silly lockFile d418affa-nodemon-1-8-1 nodemon@1.8.1
125 silly lockFile d516100b-nodemon-1-7-1 nodemon@^1.7.1
126 silly lockFile d516100b-nodemon-1-7-1 nodemon@^1.7.1
127 http 200 https://registry.npmjs.org/mongoose/-/mongoose-4.3.1.tgz
128 silly lockFile b23a2e0a--org-mongoose-mongoose-4-3-1-tgz https://registry.npmjs.org/mongoose/-/mongoose-4.3.1.tgz
129 silly lockFile b23a2e0a--org-mongoose-mongoose-4-3-1-tgz https://registry.npmjs.org/mongoose/-/mongoose-4.3.1.tgz
130 silly lockFile 71604e0d-mongoose-4-3-1 mongoose@4.3.1
131 silly lockFile 71604e0d-mongoose-4-3-1 mongoose@4.3.1
132 silly lockFile 25070dbf-mongoose-4-3-1 mongoose@^4.3.1
133 silly lockFile 25070dbf-mongoose-4-3-1 mongoose@^4.3.1
134 error Error: EACCES, mkdir '/home/dlbmc/.npm/tape/4.2.2'
134 error  { [Error: EACCES, mkdir '/home/dlbmc/.npm/tape/4.2.2']
134 error   errno: 3,
134 error   code: 'EACCES',
134 error   path: '/home/dlbmc/.npm/tape/4.2.2',
134 error   parent: 'expressapp' }
135 error Please try running this command again as root/Administrator.
136 error System Linux 3.5.0-54-generic
137 error command "/usr/bin/node" "/usr/bin/npm" "install"
138 error cwd /home/dlbmc/NodeJs/nodejsarchitecture/expressProject
139 error node -v v0.10.40
140 error npm -v 1.4.28
141 error path /home/dlbmc/.npm/tape/4.2.2
142 error code EACCES
143 error errno 3
144 error stack Error: EACCES, mkdir '/home/dlbmc/.npm/tape/4.2.2'
145 verbose exit [ 3, true ]
